<?xml version="1.0" encoding="UTF-8"?>
<!-- Generated by org.testng.reporters.JUnitReportReporter -->
<testsuite hostname="Windows7" failures="0" tests="1" name="com.contact.Tc_002_CreateContact_Reports_Test" time="3.018" errors="1" timestamp="2021-12-23T12:43:13 IST" skipped="0">
  <testcase classname="com.contact.Tc_002_CreateContact_Reports_Test" name="Tc002_CreateContactwithReports" time="3.018">
    <error message="session not created: This version of ChromeDriver only supports Chrome version 97
Current browser version is 96.0.4664.110 with binary path C:\Program Files\Google\Chrome\Application\chrome.exe
Build info: version: &#039;3.141.59&#039;, revision: &#039;e82be7d358&#039;, time: &#039;2018-11-14T08:17:03&#039;
System info: host: &#039;WINDOWS7&#039;, ip: &#039;169.254.22.34&#039;, os.name: &#039;Windows 7&#039;, os.arch: &#039;amd64&#039;, os.version: &#039;6.1&#039;, java.version: &#039;11.0.13&#039;
Driver info: driver.version: ChromeDriver
remote stacktrace: Backtrace:
	Ordinal0 [0x015EE713+2549523]
	Ordinal0 [0x015872D1+2126545]
	Ordinal0 [0x01482C88+1059976]
	Ordinal0 [0x014A17FA+1185786]
	Ordinal0 [0x0149D655+1168981]
	Ordinal0 [0x0149AE21+1158689]
	Ordinal0 [0x014CBFDF+1359839]
	Ordinal0 [0x014CBC4A+1358922]
	Ordinal0 [0x014C7736+1341238]
	Ordinal0 [0x014A34E6+1193190]
	Ordinal0 [0x014A4376+1196918]
	GetHandleVerifier [0x01789742+1627410]
	GetHandleVerifier [0x0183A93C+2352908]
	GetHandleVerifier [0x01682AE1+551089]
	GetHandleVerifier [0x01681B03+547027]
	Ordinal0 [0x0158CBEE+2149358]
	Ordinal0 [0x01590F18+2166552]
	Ordinal0 [0x01591060+2166880]
	Ordinal0 [0x0159AC60+2206816]
	BaseThreadInitThunk [0x7600343D+18]
	RtlInitializeExceptionChain [0x77809812+99]
	RtlInitializeExceptionChain [0x778097E5+54]
" type="org.openqa.selenium.SessionNotCreatedException">
      <![CDATA[org.openqa.selenium.SessionNotCreatedException: session not created: This version of ChromeDriver only supports Chrome version 97
Current browser version is 96.0.4664.110 with binary path C:\Program Files\Google\Chrome\Application\chrome.exe
Build info: version: '3.141.59', revision: 'e82be7d358', time: '2018-11-14T08:17:03'
System info: host: 'WINDOWS7', ip: '169.254.22.34', os.name: 'Windows 7', os.arch: 'amd64', os.version: '6.1', java.version: '11.0.13'
Driver info: driver.version: ChromeDriver
remote stacktrace: Backtrace:
Ordinal0 [0x015EE713+2549523]
Ordinal0 [0x015872D1+2126545]
Ordinal0 [0x01482C88+1059976]
Ordinal0 [0x014A17FA+1185786]
Ordinal0 [0x0149D655+1168981]
Ordinal0 [0x0149AE21+1158689]
Ordinal0 [0x014CBFDF+1359839]
Ordinal0 [0x014CBC4A+1358922]
Ordinal0 [0x014C7736+1341238]
Ordinal0 [0x014A34E6+1193190]
Ordinal0 [0x014A4376+1196918]
GetHandleVerifier [0x01789742+1627410]
GetHandleVerifier [0x0183A93C+2352908]
GetHandleVerifier [0x01682AE1+551089]
GetHandleVerifier [0x01681B03+547027]
Ordinal0 [0x0158CBEE+2149358]
Ordinal0 [0x01590F18+2166552]
Ordinal0 [0x01591060+2166880]
Ordinal0 [0x0159AC60+2206816]
BaseThreadInitThunk [0x7600343D+18]
RtlInitializeExceptionChain [0x77809812+99]
RtlInitializeExceptionChain [0x778097E5+54]

at java.base/jdk.internal.reflect.NativeConstructorAccessorImpl.newInstance0(Native Method)
at java.base/jdk.internal.reflect.NativeConstructorAccessorImpl.newInstance(NativeConstructorAccessorImpl.java:62)
at java.base/jdk.internal.reflect.DelegatingConstructorAccessorImpl.newInstance(DelegatingConstructorAccessorImpl.java:45)
at java.base/java.lang.reflect.Constructor.newInstance(Constructor.java:490)
at org.openqa.selenium.remote.W3CHandshakeResponse.lambda$errorHandler$0(W3CHandshakeResponse.java:62)
at org.openqa.selenium.remote.HandshakeResponse.lambda$getResponseFunction$0(HandshakeResponse.java:30)
at org.openqa.selenium.remote.ProtocolHandshake.lambda$createSession$0(ProtocolHandshake.java:126)
at java.base/java.util.stream.ReferencePipeline$3$1.accept(ReferencePipeline.java:195)
at java.base/java.util.Spliterators$ArraySpliterator.tryAdvance(Spliterators.java:958)
at java.base/java.util.stream.ReferencePipeline.forEachWithCancel(ReferencePipeline.java:127)
at java.base/java.util.stream.AbstractPipeline.copyIntoWithCancel(AbstractPipeline.java:502)
at java.base/java.util.stream.AbstractPipeline.copyInto(AbstractPipeline.java:488)
at java.base/java.util.stream.AbstractPipeline.wrapAndCopyInto(AbstractPipeline.java:474)
at java.base/java.util.stream.FindOps$FindOp.evaluateSequential(FindOps.java:150)
at java.base/java.util.stream.AbstractPipeline.evaluate(AbstractPipeline.java:234)
at java.base/java.util.stream.ReferencePipeline.findFirst(ReferencePipeline.java:543)
at org.openqa.selenium.remote.ProtocolHandshake.createSession(ProtocolHandshake.java:128)
at org.openqa.selenium.remote.ProtocolHandshake.createSession(ProtocolHandshake.java:74)
at org.openqa.selenium.remote.HttpCommandExecutor.execute(HttpCommandExecutor.java:136)
at org.openqa.selenium.remote.service.DriverCommandExecutor.execute(DriverCommandExecutor.java:83)
at org.openqa.selenium.remote.RemoteWebDriver.execute(RemoteWebDriver.java:552)
at org.openqa.selenium.remote.RemoteWebDriver.startSession(RemoteWebDriver.java:213)
at org.openqa.selenium.remote.RemoteWebDriver.<init>(RemoteWebDriver.java:131)
at org.openqa.selenium.chrome.ChromeDriver.<init>(ChromeDriver.java:181)
at org.openqa.selenium.chrome.ChromeDriver.<init>(ChromeDriver.java:168)
at org.openqa.selenium.chrome.ChromeDriver.<init>(ChromeDriver.java:123)
at com.contact.Tc_002_CreateContact_Reports_Test.Tc002_CreateContactwithReports(Tc_002_CreateContact_Reports_Test.java:30)
at java.base/jdk.internal.reflect.NativeMethodAccessorImpl.invoke0(Native Method)
at java.base/jdk.internal.reflect.NativeMethodAccessorImpl.invoke(NativeMethodAccessorImpl.java:62)
at java.base/jdk.internal.reflect.DelegatingMethodAccessorImpl.invoke(DelegatingMethodAccessorImpl.java:43)
at java.base/java.lang.reflect.Method.invoke(Method.java:566)
at org.testng.internal.MethodInvocationHelper.invokeMethod(MethodInvocationHelper.java:133)
at org.testng.internal.TestInvoker.invokeMethod(TestInvoker.java:598)
at org.testng.internal.TestInvoker.invokeTestMethod(TestInvoker.java:173)
at org.testng.internal.MethodRunner.runInSequence(MethodRunner.java:46)
at org.testng.internal.TestInvoker$MethodInvocationAgent.invoke(TestInvoker.java:824)
at org.testng.internal.TestInvoker.invokeTestMethods(TestInvoker.java:146)
at org.testng.internal.TestMethodWorker.invokeTestMethods(TestMethodWorker.java:146)
at org.testng.internal.TestMethodWorker.run(TestMethodWorker.java:128)
at java.base/java.util.ArrayList.forEach(ArrayList.java:1541)
at org.testng.TestRunner.privateRun(TestRunner.java:794)
at org.testng.TestRunner.run(TestRunner.java:596)
at org.testng.SuiteRunner.runTest(SuiteRunner.java:377)
at org.testng.SuiteRunner.runSequentially(SuiteRunner.java:371)
at org.testng.SuiteRunner.privateRun(SuiteRunner.java:332)
at org.testng.SuiteRunner.run(SuiteRunner.java:276)
at org.testng.SuiteRunnerWorker.runSuite(SuiteRunnerWorker.java:53)
at org.testng.SuiteRunnerWorker.run(SuiteRunnerWorker.java:96)
at org.testng.TestNG.runSuitesSequentially(TestNG.java:1212)
at org.testng.TestNG.runSuitesLocally(TestNG.java:1134)
at org.testng.TestNG.runSuites(TestNG.java:1063)
at org.testng.TestNG.run(TestNG.java:1031)
at org.testng.remote.AbstractRemoteTestNG.run(AbstractRemoteTestNG.java:115)
at org.testng.remote.RemoteTestNG.initAndRun(RemoteTestNG.java:251)
at org.testng.remote.RemoteTestNG.main(RemoteTestNG.java:77)
]]>
    </error>
  </testcase> <!-- Tc002_CreateContactwithReports -->
  <system-out/>
</testsuite> <!-- com.contact.Tc_002_CreateContact_Reports_Test -->
